<?xml version="1.0" encoding="UTF-8"?>
<testng-results ignored="0" total="1" passed="1" failed="0" skipped="0">
  <reporter-output>
  </reporter-output>
  <suite started-at="2023-01-26T17:09:06 IST" name="Default suite" finished-at="2023-01-26T17:09:22 IST" duration-ms="16728">
    <groups>
    </groups>
    <test started-at="2023-01-26T17:09:06 IST" name="Default test" finished-at="2023-01-26T17:09:22 IST" duration-ms="16728">
      <class name="testCase.SBUButton">
        <test-method signature="sbu()[pri:0, instance:testCase.SBUButton@38cee291]" started-at="2023-01-26T17:09:06 IST" name="sbu" finished-at="2023-01-26T17:09:22 IST" duration-ms="16641" status="PASS">
          <reporter-output>
          </reporter-output>
        </test-method> <!-- sbu -->
      </class> <!-- testCase.SBUButton -->
    </test> <!-- Default test -->
  </suite> <!-- Default suite -->
</testng-results>
